{"numTotalTestSuites":111,"numPassedTestSuites":111,"numFailedTestSuites":0,"numPendingTestSuites":0,"numTotalTests":210,"numPassedTests":210,"numFailedTests":0,"numPendingTests":0,"numTodoTests":0,"snapshot":{"added":0,"failure":false,"filesAdded":0,"filesRemoved":0,"filesRemovedList":[],"filesUnmatched":0,"filesUpdated":0,"matched":0,"total":0,"unchecked":0,"uncheckedKeysByFile":[],"unmatched":0,"updated":0,"didUpdate":false},"startTime":1770488545968,"success":true,"testResults":[{"assertionResults":[{"ancestorTitles":["Mock System Validation","mockGames fixture"],"fullName":"Mock System Validation mockGames fixture should have 15 games total","status":"passed","title":"should have 15 games total","duration":2.9118109999999433,"failureMessages":[],"meta":{}},{"ancestorTitles":["Mock System Validation","mockGames fixture"],"fullName":"Mock System Validation mockGames fixture should have 10 installed games","status":"passed","title":"should have 10 installed games","duration":0.34417000000007647,"failureMessages":[],"meta":{}},{"ancestorTitles":["Mock System Validation","mockGames fixture"],"fullName":"Mock System Validation mockGames fixture should have 5 not installed games","status":"passed","title":"should have 5 not installed games","duration":0.2985790000000179,"failureMessages":[],"meta":{}},{"ancestorTitles":["Mock System Validation","mockGames fixture"],"fullName":"Mock System Validation mockGames fixture should have games from all three stores","status":"passed","title":"should have games from all three stores","duration":0.31950400000005175,"failureMessages":[],"meta":{}},{"ancestorTitles":["Mock System Validation","mockGames fixture"],"fullName":"Mock System Validation mockGames fixture should have 7 Epic games, 5 GOG games, and 3 Amazon games","status":"passed","title":"should have 7 Epic games, 5 GOG games, and 3 Amazon games","duration":0.4421559999998408,"failureMessages":[],"meta":{}},{"ancestorTitles":["Mock System Validation","mockGames fixture"],"fullName":"Mock System Validation mockGames fixture should have unique game IDs","status":"passed","title":"should have unique game IDs","duration":0.3148519999999735,"failureMessages":[],"meta":{}},{"ancestorTitles":["Mock System Validation","mockGames fixture"],"fullName":"Mock System Validation mockGames fixture each game should have required fields","status":"passed","title":"each game should have required fields","duration":1.7055069999998977,"failureMessages":[],"meta":{}},{"ancestorTitles":["Mock System Validation","mockGames fixture"],"fullName":"Mock System Validation mockGames fixture installed games should have install paths","status":"passed","title":"installed games should have install paths","duration":0.4582020000000284,"failureMessages":[],"meta":{}},{"ancestorTitles":["Mock System Validation","mockGames fixture"],"fullName":"Mock System Validation mockGames fixture not installed games should have empty install paths","status":"passed","title":"not installed games should have empty install paths","duration":0.27932800000007774,"failureMessages":[],"meta":{}},{"ancestorTitles":["Mock System Validation","getMockGameStats"],"fullName":"Mock System Validation getMockGameStats should return correct statistics","status":"passed","title":"should return correct statistics","duration":0.35691300000007686,"failureMessages":[],"meta":{}},{"ancestorTitles":["Mock System Validation","getMockGameStats"],"fullName":"Mock System Validation getMockGameStats installed + not installed should equal total","status":"passed","title":"installed + not installed should equal total","duration":0.15146400000003268,"failureMessages":[],"meta":{}},{"ancestorTitles":["Mock System Validation","getMockGameStats"],"fullName":"Mock System Validation getMockGameStats sum of stores should equal total","status":"passed","title":"sum of stores should equal total","duration":0.09446900000011738,"failureMessages":[],"meta":{}},{"ancestorTitles":["Mock System Validation","Game data integrity"],"fullName":"Mock System Validation Game data integrity all games should have valid store values","status":"passed","title":"all games should have valid store values","duration":1.0753859999999804,"failureMessages":[],"meta":{}},{"ancestorTitles":["Mock System Validation","Game data integrity"],"fullName":"Mock System Validation Game data integrity all games should have non-empty storeId","status":"passed","title":"all games should have non-empty storeId","duration":0.6232880000000023,"failureMessages":[],"meta":{}},{"ancestorTitles":["Mock System Validation","Game data integrity"],"fullName":"Mock System Validation Game data integrity play time should be a number","status":"passed","title":"play time should be a number","duration":0.7255889999998999,"failureMessages":[],"meta":{}},{"ancestorTitles":["Mock System Validation","Game data integrity"],"fullName":"Mock System Validation Game data integrity installed games should have last played date","status":"passed","title":"installed games should have last played date","duration":0.24344700000006014,"failureMessages":[],"meta":{}}],"startTime":1770488549362,"endTime":1770488549373.2434,"status":"passed","message":"","name":"/home/asavajols@DOMNA.TEN/workspace/perso/pixxiden/tests/e2e-mocks-validation.spec.ts"},{"assertionResults":[{"ancestorTitles":["Library UI Components","FilterButton"],"fullName":"Library UI Components FilterButton should render with label","status":"passed","title":"should render with label","duration":69.44456300000002,"failureMessages":[],"meta":{}},{"ancestorTitles":["Library UI Components","FilterButton"],"fullName":"Library UI Components FilterButton should have active class when selected","status":"passed","title":"should have active class when selected","duration":8.059807000000092,"failureMessages":[],"meta":{}},{"ancestorTitles":["Library UI Components","FilterButton"],"fullName":"Library UI Components FilterButton should emit click event","status":"passed","title":"should emit click event","duration":9.415324999999939,"failureMessages":[],"meta":{}},{"ancestorTitles":["Library UI Components","GameCard"],"fullName":"Library UI Components GameCard should render game title","status":"passed","title":"should render game title","duration":18.93950800000016,"failureMessages":[],"meta":{}},{"ancestorTitles":["Library UI Components","GameCard"],"fullName":"Library UI Components GameCard should show store badge","status":"passed","title":"should show store badge","duration":4.821453999999903,"failureMessages":[],"meta":{}},{"ancestorTitles":["Library UI Components","GameCard"],"fullName":"Library UI Components GameCard should show installed badge when game is installed","status":"passed","title":"should show installed badge when game is installed","duration":4.404361000000108,"failureMessages":[],"meta":{}},{"ancestorTitles":["Library UI Components","GameCard"],"fullName":"Library UI Components GameCard should not show installed badge when game is not installed","status":"passed","title":"should not show installed badge when game is not installed","duration":2.887523999999985,"failureMessages":[],"meta":{}},{"ancestorTitles":["Library UI Components","GameCard"],"fullName":"Library UI Components GameCard should emit select event on click","status":"passed","title":"should emit select event on click","duration":2.8508650000001126,"failureMessages":[],"meta":{}},{"ancestorTitles":["Library UI Components","Game Filtering Logic"],"fullName":"Library UI Components Game Filtering Logic should filter by epic store","status":"passed","title":"should filter by epic store","duration":0.5073770000001332,"failureMessages":[],"meta":{}},{"ancestorTitles":["Library UI Components","Game Filtering Logic"],"fullName":"Library UI Components Game Filtering Logic should filter by gog store","status":"passed","title":"should filter by gog store","duration":0.41774999999984175,"failureMessages":[],"meta":{}},{"ancestorTitles":["Library UI Components","Game Filtering Logic"],"fullName":"Library UI Components Game Filtering Logic should filter by amazon store","status":"passed","title":"should filter by amazon store","duration":0.3905250000000251,"failureMessages":[],"meta":{}},{"ancestorTitles":["Library UI Components","Game Filtering Logic"],"fullName":"Library UI Components Game Filtering Logic should return all games when no filter","status":"passed","title":"should return all games when no filter","duration":0.30580399999985275,"failureMessages":[],"meta":{}},{"ancestorTitles":["Library UI Components","Game Filtering Logic"],"fullName":"Library UI Components Game Filtering Logic should filter installed games","status":"passed","title":"should filter installed games","duration":0.3659940000000006,"failureMessages":[],"meta":{}},{"ancestorTitles":["Library UI Components","Game Sorting Logic"],"fullName":"Library UI Components Game Sorting Logic should sort by title alphabetically","status":"passed","title":"should sort by title alphabetically","duration":9.174856999999975,"failureMessages":[],"meta":{}},{"ancestorTitles":["Library UI Components","Game Sorting Logic"],"fullName":"Library UI Components Game Sorting Logic should sort by play time descending","status":"passed","title":"should sort by play time descending","duration":0.25240199999984725,"failureMessages":[],"meta":{}},{"ancestorTitles":["Library UI Components","Game Sorting Logic"],"fullName":"Library UI Components Game Sorting Logic should sort by recently played","status":"passed","title":"should sort by recently played","duration":0.2208299999999781,"failureMessages":[],"meta":{}}],"startTime":1770488549407,"endTime":1770488549541.2524,"status":"passed","message":"","name":"/home/asavajols@DOMNA.TEN/workspace/perso/pixxiden/tests/components/library-ui.spec.ts"},{"assertionResults":[{"ancestorTitles":["SettingsView","Component Mounting"],"fullName":"SettingsView Component Mounting should mount successfully","status":"passed","title":"should mount successfully","duration":45.69648700000016,"failureMessages":[],"meta":{}},{"ancestorTitles":["SettingsView","Component Mounting"],"fullName":"SettingsView Component Mounting should have Pixxiden logo","status":"passed","title":"should have Pixxiden logo","duration":11.37726400000065,"failureMessages":[],"meta":{}},{"ancestorTitles":["SettingsView","Component Mounting"],"fullName":"SettingsView Component Mounting should have version badge","status":"passed","title":"should have version badge","duration":14.019732000000658,"failureMessages":[],"meta":{}},{"ancestorTitles":["SettingsView","Navigation"],"fullName":"SettingsView Navigation should have four navigation sections","status":"passed","title":"should have four navigation sections","duration":6.9729779999997845,"failureMessages":[],"meta":{}},{"ancestorTitles":["SettingsView","Navigation"],"fullName":"SettingsView Navigation should start with Système section active","status":"passed","title":"should start with Système section active","duration":6.976744999999937,"failureMessages":[],"meta":{}},{"ancestorTitles":["SettingsView","Navigation"],"fullName":"SettingsView Navigation should switch sections when clicking navigation","status":"passed","title":"should switch sections when clicking navigation","duration":11.359881000000314,"failureMessages":[],"meta":{}},{"ancestorTitles":["SettingsView","Système Section"],"fullName":"SettingsView Système Section should load system information on mount","status":"passed","title":"should load system information on mount","duration":10.192520999999942,"failureMessages":[],"meta":{}},{"ancestorTitles":["SettingsView","Système Section"],"fullName":"SettingsView Système Section should display system information","status":"passed","title":"should display system information","duration":21.216911999999866,"failureMessages":[],"meta":{}},{"ancestorTitles":["SettingsView","Système Section"],"fullName":"SettingsView Système Section should display disk information","status":"passed","title":"should display disk information","duration":7.686524000000645,"failureMessages":[],"meta":{}},{"ancestorTitles":["SettingsView","Système Section"],"fullName":"SettingsView Système Section should check for updates when button clicked","status":"passed","title":"should check for updates when button clicked","duration":14.916245999999774,"failureMessages":[],"meta":{}},{"ancestorTitles":["SettingsView","Système Section"],"fullName":"SettingsView Système Section should confirm before shutdown","status":"passed","title":"should confirm before shutdown","duration":6.4715339999993375,"failureMessages":[],"meta":{}},{"ancestorTitles":["SettingsView","Comptes Section"],"fullName":"SettingsView Comptes Section should load store status on mount","status":"passed","title":"should load store status on mount","duration":7.580042999999932,"failureMessages":[],"meta":{}},{"ancestorTitles":["SettingsView","Comptes Section"],"fullName":"SettingsView Comptes Section should display store accounts","status":"passed","title":"should display store accounts","duration":13.813207000000148,"failureMessages":[],"meta":{}},{"ancestorTitles":["SettingsView","Comptes Section"],"fullName":"SettingsView Comptes Section should show authentication status","status":"passed","title":"should show authentication status","duration":12.982058999999936,"failureMessages":[],"meta":{}},{"ancestorTitles":["SettingsView","Avancé Section"],"fullName":"SettingsView Avancé Section should load settings on mount","status":"passed","title":"should load settings on mount","duration":5.48036300000058,"failureMessages":[],"meta":{}},{"ancestorTitles":["SettingsView","Avancé Section"],"fullName":"SettingsView Avancé Section should display Proton version selector","status":"passed","title":"should display Proton version selector","duration":5.438689999999951,"failureMessages":[],"meta":{}},{"ancestorTitles":["SettingsView","Avancé Section"],"fullName":"SettingsView Avancé Section should display MangoHud toggle","status":"passed","title":"should display MangoHud toggle","duration":10.141757999999754,"failureMessages":[],"meta":{}},{"ancestorTitles":["SettingsView","Avancé Section"],"fullName":"SettingsView Avancé Section should save settings when save button clicked","status":"passed","title":"should save settings when save button clicked","duration":4.715248000000429,"failureMessages":[],"meta":{}},{"ancestorTitles":["SettingsView","Avancé Section"],"fullName":"SettingsView Avancé Section should toggle MangoHud when switch clicked","status":"passed","title":"should toggle MangoHud when switch clicked","duration":6.898374000000331,"failureMessages":[],"meta":{}},{"ancestorTitles":["SettingsView","Accessibility"],"fullName":"SettingsView Accessibility should have proper ARIA roles","status":"passed","title":"should have proper ARIA roles","duration":4.264914999999746,"failureMessages":[],"meta":{}},{"ancestorTitles":["SettingsView","Accessibility"],"fullName":"SettingsView Accessibility should have aria-selected on active tab","status":"passed","title":"should have aria-selected on active tab","duration":4.090052999999898,"failureMessages":[],"meta":{}},{"ancestorTitles":["SettingsView","Accessibility"],"fullName":"SettingsView Accessibility should have aria-controls on tabs","status":"passed","title":"should have aria-controls on tabs","duration":5.385153999999602,"failureMessages":[],"meta":{}},{"ancestorTitles":["SettingsView","Error Handling"],"fullName":"SettingsView Error Handling should handle system info loading errors","status":"passed","title":"should handle system info loading errors","duration":4.748617999999624,"failureMessages":[],"meta":{}},{"ancestorTitles":["SettingsView","Error Handling"],"fullName":"SettingsView Error Handling should handle update check errors","status":"passed","title":"should handle update check errors","duration":4.328620000000228,"failureMessages":[],"meta":{}},{"ancestorTitles":["SettingsView","Error Handling"],"fullName":"SettingsView Error Handling should handle save settings errors","status":"passed","title":"should handle save settings errors","duration":20.720938999999817,"failureMessages":[],"meta":{}}],"startTime":1770488550426,"endTime":1770488550694.721,"status":"passed","message":"","name":"/home/asavajols@DOMNA.TEN/workspace/perso/pixxiden/tests/components/settings-view.spec.ts"},{"assertionResults":[{"ancestorTitles":["GameStoreService","storeName"],"fullName":"GameStoreService storeName should return the store name from subclass","status":"passed","title":"should return the store name from subclass","duration":9.48221599999988,"failureMessages":[],"meta":{}},{"ancestorTitles":["GameStoreService","saveGames / persistGames"],"fullName":"GameStoreService saveGames / persistGames should save games to database","status":"passed","title":"should save games to database","duration":24.118975999999975,"failureMessages":[],"meta":{}},{"ancestorTitles":["GameStoreService","saveGames / persistGames"],"fullName":"GameStoreService saveGames / persistGames should save multiple games","status":"passed","title":"should save multiple games","duration":5.370340000000169,"failureMessages":[],"meta":{}},{"ancestorTitles":["GameStoreService","saveGames / persistGames"],"fullName":"GameStoreService saveGames / persistGames should handle empty game list","status":"passed","title":"should handle empty game list","duration":1.5158259999998336,"failureMessages":[],"meta":{}},{"ancestorTitles":["GameStoreService","getStoredGames"],"fullName":"GameStoreService getStoredGames should retrieve games from database","status":"passed","title":"should retrieve games from database","duration":14.411203999999998,"failureMessages":[],"meta":{}},{"ancestorTitles":["GameStoreService","getStoredGames"],"fullName":"GameStoreService getStoredGames should return empty array when no games stored","status":"passed","title":"should return empty array when no games stored","duration":1.8531780000000708,"failureMessages":[],"meta":{}},{"ancestorTitles":["GameStoreService","rowToGame"],"fullName":"GameStoreService rowToGame should convert database row to Game object","status":"passed","title":"should convert database row to Game object","duration":10.243218999999954,"failureMessages":[],"meta":{}},{"ancestorTitles":["GameStoreService","rowToGame"],"fullName":"GameStoreService rowToGame should handle null/undefined values","status":"passed","title":"should handle null/undefined values","duration":1.7220800000000054,"failureMessages":[],"meta":{}}],"startTime":1770488547908,"endTime":1770488547981.7222,"status":"passed","message":"","name":"/home/asavajols@DOMNA.TEN/workspace/perso/pixxiden/tests/services/GameStoreService.spec.ts"},{"assertionResults":[{"ancestorTitles":["GogdlService","storeName"],"fullName":"GogdlService storeName should return 'gog'","status":"passed","title":"should return 'gog'","duration":15.166140999999925,"failureMessages":[],"meta":{}},{"ancestorTitles":["GogdlService","getCapabilities"],"fullName":"GogdlService getCapabilities should declare save sync support","status":"passed","title":"should declare save sync support","duration":6.6942489999999,"failureMessages":[],"meta":{}},{"ancestorTitles":["GogdlService","listGames"],"fullName":"GogdlService listGames should return empty array when no access token found","status":"passed","title":"should return empty array when no access token found","duration":12.034229000000096,"failureMessages":[],"meta":{}},{"ancestorTitles":["GogdlService","listGames"],"fullName":"GogdlService listGames should fetch owned games from Galaxy API and get info via gogdl","status":"passed","title":"should fetch owned games from Galaxy API and get info via gogdl","duration":12.833033999999998,"failureMessages":[],"meta":{}},{"ancestorTitles":["GogdlService","listGames"],"fullName":"GogdlService listGames should still add game with generic title when gogdl info fails","status":"passed","title":"should still add game with generic title when gogdl info fails","duration":3.810931999999866,"failureMessages":[],"meta":{}},{"ancestorTitles":["GogdlService","listGames"],"fullName":"GogdlService listGames should return empty array when Galaxy API returns error","status":"passed","title":"should return empty array when Galaxy API returns error","duration":2.807405000000017,"failureMessages":[],"meta":{}},{"ancestorTitles":["GogdlService","getGameInfo"],"fullName":"GogdlService getGameInfo should call gogdl info with correct args","status":"passed","title":"should call gogdl info with correct args","duration":2.741518000000042,"failureMessages":[],"meta":{}},{"ancestorTitles":["GogdlService","getGameInfo"],"fullName":"GogdlService getGameInfo should return null when gogdl info fails","status":"passed","title":"should return null when gogdl info fails","duration":1.4269389999999476,"failureMessages":[],"meta":{}},{"ancestorTitles":["GogdlService","getAuthUrl"],"fullName":"GogdlService getAuthUrl should return GOG OAuth URL with correct parameters","status":"passed","title":"should return GOG OAuth URL with correct parameters","duration":2.8052050000001145,"failureMessages":[],"meta":{}},{"ancestorTitles":["GogdlService","isAuthenticated"],"fullName":"GogdlService isAuthenticated should return false when no auth marker in DB","status":"passed","title":"should return false when no auth marker in DB","duration":7.494251000000077,"failureMessages":[],"meta":{}},{"ancestorTitles":["GogdlService","isAuthenticated"],"fullName":"GogdlService isAuthenticated should return true when auth marker exists in DB AND token file exists","status":"passed","title":"should return true when auth marker exists in DB AND token file exists","duration":2.216948999999886,"failureMessages":[],"meta":{}},{"ancestorTitles":["GogdlService","isAuthenticated"],"fullName":"GogdlService isAuthenticated should return false and clear stale marker when token file is missing","status":"passed","title":"should return false and clear stale marker when token file is missing","duration":2.5146570000001702,"failureMessages":[],"meta":{}},{"ancestorTitles":["GogdlService","isAuthenticated"],"fullName":"GogdlService isAuthenticated should return false when DB query fails","status":"passed","title":"should return false when DB query fails","duration":1.6549059999999827,"failureMessages":[],"meta":{}},{"ancestorTitles":["GogdlService","authenticate"],"fullName":"GogdlService authenticate should pass code to gogdl sidecar and persist auth marker","status":"passed","title":"should pass code to gogdl sidecar and persist auth marker","duration":3.1415190000000166,"failureMessages":[],"meta":{}},{"ancestorTitles":["GogdlService","authenticate"],"fullName":"GogdlService authenticate should throw error when gogdl authentication fails","status":"passed","title":"should throw error when gogdl authentication fails","duration":7.232393000000002,"failureMessages":[],"meta":{}},{"ancestorTitles":["GogdlService","logout"],"fullName":"GogdlService logout should remove auth marker from database","status":"passed","title":"should remove auth marker from database","duration":2.2826939999999922,"failureMessages":[],"meta":{}},{"ancestorTitles":["GogdlService","syncSaves"],"fullName":"GogdlService syncSaves should call gogdl save-sync with correct args","status":"passed","title":"should call gogdl save-sync with correct args","duration":2.0982970000000023,"failureMessages":[],"meta":{}},{"ancestorTitles":["GogdlService","syncSaves"],"fullName":"GogdlService syncSaves should throw error when save-sync fails","status":"passed","title":"should throw error when save-sync fails","duration":2.388196999999991,"failureMessages":[],"meta":{}},{"ancestorTitles":["GogdlService","token refresh"],"fullName":"GogdlService token refresh should automatically refresh expired token and list games","status":"passed","title":"should automatically refresh expired token and list games","duration":6.3911010000001625,"failureMessages":[],"meta":{}},{"ancestorTitles":["GogdlService","token refresh"],"fullName":"GogdlService token refresh should return empty when token refresh fails","status":"passed","title":"should return empty when token refresh fails","duration":2.6181209999999737,"failureMessages":[],"meta":{}},{"ancestorTitles":["GogdlService","token refresh"],"fullName":"GogdlService token refresh should return empty when no refresh token is available","status":"passed","title":"should return empty when no refresh token is available","duration":2.640074999999797,"failureMessages":[],"meta":{}},{"ancestorTitles":["GogdlService","token refresh"],"fullName":"GogdlService token refresh should use token directly when not expired","status":"passed","title":"should use token directly when not expired","duration":3.408897000000252,"failureMessages":[],"meta":{}}],"startTime":1770488547945,"endTime":1770488548061.409,"status":"passed","message":"","name":"/home/asavajols@DOMNA.TEN/workspace/perso/pixxiden/tests/services/GogdlService.spec.ts"},{"assertionResults":[{"ancestorTitles":["InstallationService","installGame"],"fullName":"InstallationService installGame should install an Epic game successfully","status":"passed","title":"should install an Epic game successfully","duration":18.60646500000007,"failureMessages":[],"meta":{}},{"ancestorTitles":["InstallationService","installGame"],"fullName":"InstallationService installGame should install a GOG game with custom path","status":"passed","title":"should install a GOG game with custom path","duration":2.658328999999867,"failureMessages":[],"meta":{}},{"ancestorTitles":["InstallationService","installGame"],"fullName":"InstallationService installGame should emit progress events during installation","status":"passed","title":"should emit progress events during installation","duration":5.30297900000005,"failureMessages":[],"meta":{}},{"ancestorTitles":["InstallationService","installGame"],"fullName":"InstallationService installGame should handle installation failure","status":"passed","title":"should handle installation failure","duration":11.047346999999945,"failureMessages":[],"meta":{}},{"ancestorTitles":["InstallationService","uninstallGame"],"fullName":"InstallationService uninstallGame should uninstall an Epic game successfully","status":"passed","title":"should uninstall an Epic game successfully","duration":3.5365139999998974,"failureMessages":[],"meta":{}},{"ancestorTitles":["InstallationService","uninstallGame"],"fullName":"InstallationService uninstallGame should emit progress events during uninstallation","status":"passed","title":"should emit progress events during uninstallation","duration":1.9608479999999417,"failureMessages":[],"meta":{}},{"ancestorTitles":["InstallationService","cancelInstallation"],"fullName":"InstallationService cancelInstallation should track active installations","status":"passed","title":"should track active installations","duration":1001.8341189999999,"failureMessages":[],"meta":{}}],"startTime":1770488547931,"endTime":1770488548981.8342,"status":"passed","message":"","name":"/home/asavajols@DOMNA.TEN/workspace/perso/pixxiden/tests/services/InstallationService.spec.ts"},{"assertionResults":[{"ancestorTitles":["LegendaryService","storeName"],"fullName":"LegendaryService storeName should return 'epic'","status":"passed","title":"should return 'epic'","duration":10.053521000000046,"failureMessages":[],"meta":{}},{"ancestorTitles":["LegendaryService","listGames"],"fullName":"LegendaryService listGames should list games from legendary CLI","status":"passed","title":"should list games from legendary CLI","duration":15.582605000000058,"failureMessages":[],"meta":{}},{"ancestorTitles":["LegendaryService","listGames"],"fullName":"LegendaryService listGames should throw error when legendary list fails","status":"passed","title":"should throw error when legendary list fails","duration":5.367662999999993,"failureMessages":[],"meta":{}},{"ancestorTitles":["LegendaryService","listGames"],"fullName":"LegendaryService listGames should throw error when JSON parsing fails","status":"passed","title":"should throw error when JSON parsing fails","duration":1.5668640000001233,"failureMessages":[],"meta":{}},{"ancestorTitles":["LegendaryService","listGames"],"fullName":"LegendaryService listGames should handle empty game list","status":"passed","title":"should handle empty game list","duration":2.9552860000001147,"failureMessages":[],"meta":{}},{"ancestorTitles":["LegendaryService","listGames"],"fullName":"LegendaryService listGames should continue if list-installed fails","status":"passed","title":"should continue if list-installed fails","duration":2.735170000000153,"failureMessages":[],"meta":{}},{"ancestorTitles":["LegendaryService","getAuthUrl"],"fullName":"LegendaryService getAuthUrl should return the Epic Games authentication URL","status":"passed","title":"should return the Epic Games authentication URL","duration":0.833692999999812,"failureMessages":[],"meta":{}},{"ancestorTitles":["LegendaryService","isAuthenticated"],"fullName":"LegendaryService isAuthenticated should return true when user has account","status":"passed","title":"should return true when user has account","duration":2.0767229999999017,"failureMessages":[],"meta":{}},{"ancestorTitles":["LegendaryService","isAuthenticated"],"fullName":"LegendaryService isAuthenticated should return false when status fails","status":"passed","title":"should return false when status fails","duration":0.8834679999999935,"failureMessages":[],"meta":{}},{"ancestorTitles":["LegendaryService","isAuthenticated"],"fullName":"LegendaryService isAuthenticated should return false when no account","status":"passed","title":"should return false when no account","duration":1.181418999999778,"failureMessages":[],"meta":{}},{"ancestorTitles":["LegendaryService","isAuthenticated"],"fullName":"LegendaryService isAuthenticated should return false on invalid JSON","status":"passed","title":"should return false on invalid JSON","duration":0.9466590000001815,"failureMessages":[],"meta":{}},{"ancestorTitles":["LegendaryService","authenticate"],"fullName":"LegendaryService authenticate should authenticate with code","status":"passed","title":"should authenticate with code","duration":3.0894690000000082,"failureMessages":[],"meta":{}},{"ancestorTitles":["LegendaryService","authenticate"],"fullName":"LegendaryService authenticate should throw error when authentication fails","status":"passed","title":"should throw error when authentication fails","duration":1.4667779999999766,"failureMessages":[],"meta":{}},{"ancestorTitles":["LegendaryService","logout"],"fullName":"LegendaryService logout should logout successfully","status":"passed","title":"should logout successfully","duration":1.5907320000001164,"failureMessages":[],"meta":{}},{"ancestorTitles":["LegendaryService","logout"],"fullName":"LegendaryService logout should throw error when logout fails","status":"passed","title":"should throw error when logout fails","duration":3.1769899999999325,"failureMessages":[],"meta":{}}],"startTime":1770488547915,"endTime":1770488547972.177,"status":"passed","message":"","name":"/home/asavajols@DOMNA.TEN/workspace/perso/pixxiden/tests/services/LegendaryService.spec.ts"},{"assertionResults":[{"ancestorTitles":["NileService","storeName"],"fullName":"NileService storeName should return 'amazon'","status":"passed","title":"should return 'amazon'","duration":11.391956000000164,"failureMessages":[],"meta":{}},{"ancestorTitles":["NileService","listGames"],"fullName":"NileService listGames should parse text output from nile library list","status":"passed","title":"should parse text output from nile library list","duration":17.420434999999998,"failureMessages":[],"meta":{}},{"ancestorTitles":["NileService","listGames"],"fullName":"NileService listGames should throw error when nile library list fails","status":"passed","title":"should throw error when nile library list fails","duration":5.627639000000045,"failureMessages":[],"meta":{}},{"ancestorTitles":["NileService","listGames"],"fullName":"NileService listGames should handle empty output","status":"passed","title":"should handle empty output","duration":1.1749520000000757,"failureMessages":[],"meta":{}},{"ancestorTitles":["NileService","listGames"],"fullName":"NileService listGames should continue if sync fails","status":"passed","title":"should continue if sync fails","duration":2.230844000000161,"failureMessages":[],"meta":{}},{"ancestorTitles":["NileService","listGames"],"fullName":"NileService listGames should continue if list-installed fails","status":"passed","title":"should continue if list-installed fails","duration":2.0738940000001094,"failureMessages":[],"meta":{}},{"ancestorTitles":["NileService","listGames"],"fullName":"NileService listGames should parse alternate ASIN format (dash separator)","status":"passed","title":"should parse alternate ASIN format (dash separator)","duration":2.151055000000042,"failureMessages":[],"meta":{}},{"ancestorTitles":["NileService","isAuthenticated"],"fullName":"NileService isAuthenticated should return true when library list succeeds (exit code 0)","status":"passed","title":"should return true when library list succeeds (exit code 0)","duration":2.4640699999999924,"failureMessages":[],"meta":{}},{"ancestorTitles":["NileService","isAuthenticated"],"fullName":"NileService isAuthenticated should return false when library list fails","status":"passed","title":"should return false when library list fails","duration":2.763610000000199,"failureMessages":[],"meta":{}},{"ancestorTitles":["NileService","isAuthenticated"],"fullName":"NileService isAuthenticated should return false on sidecar exception","status":"passed","title":"should return false on sidecar exception","duration":2.186093000000028,"failureMessages":[],"meta":{}},{"ancestorTitles":["NileService","login"],"fullName":"NileService login should login successfully","status":"passed","title":"should login successfully","duration":1.4218269999998938,"failureMessages":[],"meta":{}},{"ancestorTitles":["NileService","login"],"fullName":"NileService login should detect 2FA requirement","status":"passed","title":"should detect 2FA requirement","duration":1.0113279999998213,"failureMessages":[],"meta":{}},{"ancestorTitles":["NileService","login"],"fullName":"NileService login should detect two-factor requirement","status":"passed","title":"should detect two-factor requirement","duration":0.8891719999999168,"failureMessages":[],"meta":{}},{"ancestorTitles":["NileService","login"],"fullName":"NileService login should return error on failed login","status":"passed","title":"should return error on failed login","duration":1.2561130000001413,"failureMessages":[],"meta":{}},{"ancestorTitles":["NileService","loginWith2FA"],"fullName":"NileService loginWith2FA should register with 2FA code","status":"passed","title":"should register with 2FA code","duration":1.789158000000043,"failureMessages":[],"meta":{}},{"ancestorTitles":["NileService","loginWith2FA"],"fullName":"NileService loginWith2FA should return error on invalid 2FA code","status":"passed","title":"should return error on invalid 2FA code","duration":1.0489780000000337,"failureMessages":[],"meta":{}},{"ancestorTitles":["NileService","logout"],"fullName":"NileService logout should logout successfully","status":"passed","title":"should logout successfully","duration":2.8433129999998528,"failureMessages":[],"meta":{}},{"ancestorTitles":["NileService","logout"],"fullName":"NileService logout should throw error when logout fails","status":"passed","title":"should throw error when logout fails","duration":1.4704769999998462,"failureMessages":[],"meta":{}}],"startTime":1770488547911,"endTime":1770488547976.4705,"status":"passed","message":"","name":"/home/asavajols@DOMNA.TEN/workspace/perso/pixxiden/tests/services/NileService.spec.ts"},{"assertionResults":[{"ancestorTitles":["SidecarService","getInstance"],"fullName":"SidecarService getInstance should return singleton instance","status":"passed","title":"should return singleton instance","duration":9.677724000000126,"failureMessages":[],"meta":{}},{"ancestorTitles":["SidecarService","getSidecar"],"fullName":"SidecarService getSidecar should return the singleton instance","status":"passed","title":"should return the singleton instance","duration":0.7165919999999915,"failureMessages":[],"meta":{}},{"ancestorTitles":["SidecarService","runLegendary"],"fullName":"SidecarService runLegendary should call sidecar with legendary binary","status":"passed","title":"should call sidecar with legendary binary","duration":7.539189999999962,"failureMessages":[],"meta":{}},{"ancestorTitles":["SidecarService","runLegendary"],"fullName":"SidecarService runLegendary should handle errors gracefully","status":"passed","title":"should handle errors gracefully","duration":1.9290670000000318,"failureMessages":[],"meta":{}},{"ancestorTitles":["SidecarService","runGogdl"],"fullName":"SidecarService runGogdl should call sidecar with gogdl binary","status":"passed","title":"should call sidecar with gogdl binary","duration":4.469499999999925,"failureMessages":[],"meta":{}},{"ancestorTitles":["SidecarService","runNile"],"fullName":"SidecarService runNile should call sidecar with nile binary","status":"passed","title":"should call sidecar with nile binary","duration":1.6247200000000248,"failureMessages":[],"meta":{}},{"ancestorTitles":["SidecarService","runSteam"],"fullName":"SidecarService runSteam should call sidecar with steam binary","status":"passed","title":"should call sidecar with steam binary","duration":2.0546220000001085,"failureMessages":[],"meta":{}},{"ancestorTitles":["SidecarService","isAvailable"],"fullName":"SidecarService isAvailable should return true when sidecar executes successfully","status":"passed","title":"should return true when sidecar executes successfully","duration":1.8282010000000355,"failureMessages":[],"meta":{}},{"ancestorTitles":["SidecarService","isAvailable"],"fullName":"SidecarService isAvailable should return false when sidecar fails","status":"passed","title":"should return false when sidecar fails","duration":2.798950999999988,"failureMessages":[],"meta":{}},{"ancestorTitles":["SidecarService","isAvailable"],"fullName":"SidecarService isAvailable should return false on execution error","status":"passed","title":"should return false on execution error","duration":1.216769000000113,"failureMessages":[],"meta":{}},{"ancestorTitles":["SidecarService","getVersion"],"fullName":"SidecarService getVersion should return version string on success","status":"passed","title":"should return version string on success","duration":0.9409789999999703,"failureMessages":[],"meta":{}},{"ancestorTitles":["SidecarService","getVersion"],"fullName":"SidecarService getVersion should return null on failure","status":"passed","title":"should return null on failure","duration":1.5519850000000588,"failureMessages":[],"meta":{}},{"ancestorTitles":["SidecarService","getVersion"],"fullName":"SidecarService getVersion should return null on exception","status":"passed","title":"should return null on exception","duration":1.475594000000001,"failureMessages":[],"meta":{}},{"ancestorTitles":["SidecarService","error handling"],"fullName":"SidecarService error handling should handle non-zero exit codes","status":"passed","title":"should handle non-zero exit codes","duration":2.171203000000105,"failureMessages":[],"meta":{}},{"ancestorTitles":["SidecarService","error handling"],"fullName":"SidecarService error handling should handle null exit code","status":"passed","title":"should handle null exit code","duration":2.543149000000085,"failureMessages":[],"meta":{}},{"ancestorTitles":["SidecarService","error handling"],"fullName":"SidecarService error handling should convert non-Error exceptions to string","status":"passed","title":"should convert non-Error exceptions to string","duration":2.267023999999992,"failureMessages":[],"meta":{}}],"startTime":1770488547936,"endTime":1770488547984.267,"status":"passed","message":"","name":"/home/asavajols@DOMNA.TEN/workspace/perso/pixxiden/tests/services/SidecarService.spec.ts"},{"assertionResults":[{"ancestorTitles":["SteamService","storeName"],"fullName":"SteamService storeName should return 'steam'","status":"passed","title":"should return 'steam'","duration":5.580053999999791,"failureMessages":[],"meta":{}},{"ancestorTitles":["SteamService","listGames"],"fullName":"SteamService listGames should return empty array (not yet implemented)","status":"passed","title":"should return empty array (not yet implemented)","duration":2.960902000000033,"failureMessages":[],"meta":{}},{"ancestorTitles":["SteamService","isInstalled"],"fullName":"SteamService isInstalled should return true (assumes Steam might be installed)","status":"passed","title":"should return true (assumes Steam might be installed)","duration":1.0622789999999895,"failureMessages":[],"meta":{}},{"ancestorTitles":["SteamService","isAuthenticated"],"fullName":"SteamService isAuthenticated should return true (Steam handles its own auth)","status":"passed","title":"should return true (Steam handles its own auth)","duration":0.9402059999999892,"failureMessages":[],"meta":{}},{"ancestorTitles":["SteamService","getSteamAppId"],"fullName":"SteamService getSteamAppId should return null (not yet implemented)","status":"passed","title":"should return null (not yet implemented)","duration":1.0617979999999534,"failureMessages":[],"meta":{}}],"startTime":1770488549241,"endTime":1770488549254.0618,"status":"passed","message":"","name":"/home/asavajols@DOMNA.TEN/workspace/perso/pixxiden/tests/services/SteamService.spec.ts"},{"assertionResults":[{"ancestorTitles":["API Keys Service","needsSetup"],"fullName":"API Keys Service needsSetup should return true when config file does not exist","status":"passed","title":"should return true when config file does not exist","duration":6.739287000000104,"failureMessages":[],"meta":{}},{"ancestorTitles":["API Keys Service","needsSetup"],"fullName":"API Keys Service needsSetup should return true when setupCompleted is false","status":"passed","title":"should return true when setupCompleted is false","duration":2.4693680000000313,"failureMessages":[],"meta":{}},{"ancestorTitles":["API Keys Service","needsSetup"],"fullName":"API Keys Service needsSetup should return false when setupCompleted is true","status":"passed","title":"should return false when setupCompleted is true","duration":1.933868000000075,"failureMessages":[],"meta":{}},{"ancestorTitles":["API Keys Service","getApiKeys"],"fullName":"API Keys Service getApiKeys should return default config when file does not exist","status":"passed","title":"should return default config when file does not exist","duration":1.5317130000000816,"failureMessages":[],"meta":{}},{"ancestorTitles":["API Keys Service","getApiKeys"],"fullName":"API Keys Service getApiKeys should parse and return config from file","status":"passed","title":"should parse and return config from file","duration":1.7101259999999456,"failureMessages":[],"meta":{}},{"ancestorTitles":["API Keys Service","getApiKeys"],"fullName":"API Keys Service getApiKeys should compute hasSteam when both keys are present","status":"passed","title":"should compute hasSteam when both keys are present","duration":1.3393209999999272,"failureMessages":[],"meta":{}},{"ancestorTitles":["API Keys Service","getApiKeys"],"fullName":"API Keys Service getApiKeys should not compute hasSteam when only API key is present","status":"passed","title":"should not compute hasSteam when only API key is present","duration":0.8899690000000646,"failureMessages":[],"meta":{}},{"ancestorTitles":["API Keys Service","saveApiKeys"],"fullName":"API Keys Service saveApiKeys should merge updates with existing config","status":"passed","title":"should merge updates with existing config","duration":2.689785000000029,"failureMessages":[],"meta":{}},{"ancestorTitles":["API Keys Service","saveApiKeys"],"fullName":"API Keys Service saveApiKeys should mark setup as completed","status":"passed","title":"should mark setup as completed","duration":1.705016999999998,"failureMessages":[],"meta":{}},{"ancestorTitles":["API Keys Service","skipSetup"],"fullName":"API Keys Service skipSetup should mark setup as completed","status":"passed","title":"should mark setup as completed","duration":1.848126000000093,"failureMessages":[],"meta":{}}],"startTime":1770488549404,"endTime":1770488549427.8481,"status":"passed","message":"","name":"/home/asavajols@DOMNA.TEN/workspace/perso/pixxiden/tests/services/apiKeys.test.ts"},{"assertionResults":[{"ancestorTitles":["Enrichment Pipeline Integration","IGDB data → Game object"],"fullName":"Enrichment Pipeline Integration IGDB data → Game object should populate info fields from IGDB","status":"passed","title":"should populate info fields from IGDB","duration":11.123329999999896,"failureMessages":[],"meta":{}},{"ancestorTitles":["Enrichment Pipeline Integration","IGDB data → Game object"],"fullName":"Enrichment Pipeline Integration IGDB data → Game object should populate timeToBeat from IGDB game_time_to_beats","status":"passed","title":"should populate timeToBeat from IGDB game_time_to_beats","duration":1.3294660000001386,"failureMessages":[],"meta":{}},{"ancestorTitles":["Enrichment Pipeline Integration","IGDB data → Game object"],"fullName":"Enrichment Pipeline Integration IGDB data → Game object should extract Steam App ID from IGDB external_games","status":"passed","title":"should extract Steam App ID from IGDB external_games","duration":0.6571630000003097,"failureMessages":[],"meta":{}},{"ancestorTitles":["Enrichment Pipeline Integration","IGDB data → Game object"],"fullName":"Enrichment Pipeline Integration IGDB data → Game object should handle missing timeToBeat gracefully","status":"passed","title":"should handle missing timeToBeat gracefully","duration":0.8284340000000157,"failureMessages":[],"meta":{}},{"ancestorTitles":["Enrichment Pipeline Integration","IGDB data → Game object"],"fullName":"Enrichment Pipeline Integration IGDB data → Game object should handle missing steamAppId gracefully","status":"passed","title":"should handle missing steamAppId gracefully","duration":0.7992779999999584,"failureMessages":[],"meta":{}},{"ancestorTitles":["Enrichment Pipeline Integration","ProtonDB data → Game object"],"fullName":"Enrichment Pipeline Integration ProtonDB data → Game object should populate protonData from ProtonDB","status":"passed","title":"should populate protonData from ProtonDB","duration":1.712536,"failureMessages":[],"meta":{}},{"ancestorTitles":["Enrichment Pipeline Integration","ProtonDB data → Game object"],"fullName":"Enrichment Pipeline Integration ProtonDB data → Game object should use Steam App ID from IGDB for ProtonDB lookup","status":"passed","title":"should use Steam App ID from IGDB for ProtonDB lookup","duration":3.0002999999996973,"failureMessages":[],"meta":{}},{"ancestorTitles":["Enrichment Pipeline Integration","ProtonDB data → Game object"],"fullName":"Enrichment Pipeline Integration ProtonDB data → Game object should skip ProtonDB when no Steam App ID available","status":"passed","title":"should skip ProtonDB when no Steam App ID available","duration":1.6805070000000342,"failureMessages":[],"meta":{}},{"ancestorTitles":["Enrichment Pipeline Integration","Full pipeline: IGDB + ProtonDB + SteamGridDB"],"fullName":"Enrichment Pipeline Integration Full pipeline: IGDB + ProtonDB + SteamGridDB should produce a fully enriched Game with all data","status":"passed","title":"should produce a fully enriched Game with all data","duration":3.4344819999996616,"failureMessages":[],"meta":{}},{"ancestorTitles":["Enrichment Pipeline Integration","Full pipeline: IGDB + ProtonDB + SteamGridDB"],"fullName":"Enrichment Pipeline Integration Full pipeline: IGDB + ProtonDB + SteamGridDB should set enrichedAt timestamp","status":"passed","title":"should set enrichedAt timestamp","duration":1.6446929999997337,"failureMessages":[],"meta":{}},{"ancestorTitles":["Enrichment Pipeline Integration","Enrichment cache"],"fullName":"Enrichment Pipeline Integration Enrichment cache should save enrichment to cache after first call","status":"passed","title":"should save enrichment to cache after first call","duration":1.1066600000003746,"failureMessages":[],"meta":{}},{"ancestorTitles":["Enrichment Pipeline Integration","Enrichment cache"],"fullName":"Enrichment Pipeline Integration Enrichment cache should include cache version in saved data","status":"passed","title":"should include cache version in saved data","duration":0.5253430000002481,"failureMessages":[],"meta":{}},{"ancestorTitles":["Enrichment Pipeline Integration","Enrichment cache"],"fullName":"Enrichment Pipeline Integration Enrichment cache should serve from cache on second call","status":"passed","title":"should serve from cache on second call","duration":0.8127599999997983,"failureMessages":[],"meta":{}},{"ancestorTitles":["Enrichment Pipeline Integration","Enrichment cache"],"fullName":"Enrichment Pipeline Integration Enrichment cache should invalidate cache with old version","status":"passed","title":"should invalidate cache with old version","duration":0.7290060000000267,"failureMessages":[],"meta":{}},{"ancestorTitles":["Enrichment Pipeline Integration","Enrichment cache"],"fullName":"Enrichment Pipeline Integration Enrichment cache should invalidate cache without version (legacy)","status":"passed","title":"should invalidate cache without version (legacy)","duration":0.7345450000002529,"failureMessages":[],"meta":{}},{"ancestorTitles":["Enrichment Pipeline Integration","DB column mapping (GameSyncService contract)"],"fullName":"Enrichment Pipeline Integration DB column mapping (GameSyncService contract) should produce data compatible with updateEnrichment columns","status":"passed","title":"should produce data compatible with updateEnrichment columns","duration":0.8749410000000353,"failureMessages":[],"meta":{}},{"ancestorTitles":["Enrichment Pipeline Integration","DB column mapping (GameSyncService contract)"],"fullName":"Enrichment Pipeline Integration DB column mapping (GameSyncService contract) should produce safe defaults when no data is available","status":"passed","title":"should produce safe defaults when no data is available","duration":0.5647420000000238,"failureMessages":[],"meta":{}},{"ancestorTitles":["Enrichment Pipeline Integration","IgdbEnricher unit: mapToIgdbData"],"fullName":"Enrichment Pipeline Integration IgdbEnricher unit: mapToIgdbData should convert seconds → hours in timeToBeat","status":"passed","title":"should convert seconds → hours in timeToBeat","duration":0.40494200000011915,"failureMessages":[],"meta":{}}],"startTime":1770488548382,"endTime":1770488548416.405,"status":"passed","message":"","name":"/home/asavajols@DOMNA.TEN/workspace/perso/pixxiden/tests/integration/enrichment-pipeline.spec.ts"},{"assertionResults":[{"ancestorTitles":["GOG Integration Tests (REAL API)","Token file reading"],"fullName":"GOG Integration Tests (REAL API) Token file reading should find the real GOG token file","status":"passed","title":"should find the real GOG token file","duration":6.060135000000173,"failureMessages":[],"meta":{}},{"ancestorTitles":["GOG Integration Tests (REAL API)","Token file reading"],"fullName":"GOG Integration Tests (REAL API) Token file reading should parse the real token file correctly","status":"passed","title":"should parse the real token file correctly","duration":3.331136000000015,"failureMessages":[],"meta":{}},{"ancestorTitles":["GOG Integration Tests (REAL API)","Token file reading"],"fullName":"GOG Integration Tests (REAL API) Token file reading should read access token via GogdlService.readAccessToken path","status":"passed","title":"should read access token via GogdlService.readAccessToken path","duration":5.636866999999938,"failureMessages":[],"meta":{}},{"ancestorTitles":["GOG Integration Tests (REAL API)","Token expiry logic"],"fullName":"GOG Integration Tests (REAL API) Token expiry logic should correctly determine token expiry from real file","status":"passed","title":"should correctly determine token expiry from real file","duration":1.492870000000039,"failureMessages":[],"meta":{}},{"ancestorTitles":["GOG Integration Tests (REAL API)","GOG Galaxy API (REAL)"],"fullName":"GOG Integration Tests (REAL API) GOG Galaxy API (REAL) should fetch owned games from Galaxy API with a valid token","status":"passed","title":"should fetch owned games from Galaxy API with a valid token","duration":383.79968199999985,"failureMessages":[],"meta":{}},{"ancestorTitles":["GOG Integration Tests (REAL API)","GOG Galaxy API (REAL)"],"fullName":"GOG Integration Tests (REAL API) GOG Galaxy API (REAL) should list games via GogdlService.listGames() end-to-end","status":"passed","title":"should list games via GogdlService.listGames() end-to-end","duration":200.8010119999999,"failureMessages":[],"meta":{}},{"ancestorTitles":["GOG Integration Tests (REAL API)","Sync flow validation"],"fullName":"GOG Integration Tests (REAL API) Sync flow validation should confirm isAuthenticated + listGames produces games for sync","status":"passed","title":"should confirm isAuthenticated + listGames produces games for sync","duration":287.9082010000002,"failureMessages":[],"meta":{}},{"ancestorTitles":["SplashScreen sync logic"],"fullName":"SplashScreen sync logic should always trigger sync regardless of existing game count","status":"passed","title":"should always trigger sync regardless of existing game count","duration":0.8207690000003822,"failureMessages":[],"meta":{}}],"startTime":1770488547670,"endTime":1770488548562.8208,"status":"passed","message":"","name":"/home/asavajols@DOMNA.TEN/workspace/perso/pixxiden/tests/integration/gog-real-api.spec.ts"},{"assertionResults":[{"ancestorTitles":["Heroic Configuration Reading","get_game_config command"],"fullName":"Heroic Configuration Reading get_game_config command should return store_id for Epic games","status":"passed","title":"should return store_id for Epic games","duration":11.355825999999979,"failureMessages":[],"meta":{}},{"ancestorTitles":["Heroic Configuration Reading","get_game_config command"],"fullName":"Heroic Configuration Reading get_game_config command should return wine configuration for Epic games","status":"passed","title":"should return wine configuration for Epic games","duration":2.033189999999877,"failureMessages":[],"meta":{}},{"ancestorTitles":["Heroic Configuration Reading","get_game_config command"],"fullName":"Heroic Configuration Reading get_game_config command should return install_path for installed games","status":"passed","title":"should return install_path for installed games","duration":2.749069999999847,"failureMessages":[],"meta":{}},{"ancestorTitles":["Heroic Configuration Reading","Heroic GamesConfig file parsing"],"fullName":"Heroic Configuration Reading Heroic GamesConfig file parsing should parse wine config from Heroic GamesConfig/{store_id}.json","status":"passed","title":"should parse wine config from Heroic GamesConfig/{store_id}.json","duration":2.0688299999999344,"failureMessages":[],"meta":{}},{"ancestorTitles":["Heroic Configuration Reading","Heroic GamesConfig file parsing"],"fullName":"Heroic Configuration Reading Heroic GamesConfig file parsing should handle nested wineVersion structure","status":"passed","title":"should handle nested wineVersion structure","duration":1.0529899999999088,"failureMessages":[],"meta":{}},{"ancestorTitles":["Heroic Configuration Reading","Heroic installed.json parsing"],"fullName":"Heroic Configuration Reading Heroic installed.json parsing should correctly parse installed.json structure","status":"passed","title":"should correctly parse installed.json structure","duration":0.42249599999991005,"failureMessages":[],"meta":{}},{"ancestorTitles":["Heroic Configuration Reading","GOG games config"],"fullName":"Heroic Configuration Reading GOG games config should return wine configuration for GOG games","status":"passed","title":"should return wine configuration for GOG games","duration":0.39310599999998885,"failureMessages":[],"meta":{}},{"ancestorTitles":["Heroic Configuration Reading","GOG games config"],"fullName":"Heroic Configuration Reading GOG games config should parse GOG library from store_cache/gog_library.json","status":"passed","title":"should parse GOG library from store_cache/gog_library.json","duration":0.24391500000001543,"failureMessages":[],"meta":{}},{"ancestorTitles":["Heroic Configuration Reading","GOG games config"],"fullName":"Heroic Configuration Reading GOG games config should read installed GOG games from gog_store/installed.json","status":"passed","title":"should read installed GOG games from gog_store/installed.json","duration":0.3135780000000068,"failureMessages":[],"meta":{}},{"ancestorTitles":["Heroic Configuration Reading","GOG games config"],"fullName":"Heroic Configuration Reading GOG games config should check GOG authentication from gog_store/auth.json","status":"passed","title":"should check GOG authentication from gog_store/auth.json","duration":0.25363500000003114,"failureMessages":[],"meta":{}},{"ancestorTitles":["UI displays game config correctly"],"fullName":"UI displays game config correctly should show store_id in GameSettingsModal","status":"passed","title":"should show store_id in GameSettingsModal","duration":0.3701009999999769,"failureMessages":[],"meta":{}},{"ancestorTitles":["UI displays game config correctly"],"fullName":"UI displays game config correctly should not show \"N/A\" for installed games with install path","status":"passed","title":"should not show \"N/A\" for installed games with install path","duration":0.20704299999988507,"failureMessages":[],"meta":{}},{"ancestorTitles":["UI displays game config correctly"],"fullName":"UI displays game config correctly should not show \"Not configured\" for games with wine config","status":"passed","title":"should not show \"Not configured\" for games with wine config","duration":0.21886399999993955,"failureMessages":[],"meta":{}}],"startTime":1770488547823,"endTime":1770488547847.2188,"status":"passed","message":"","name":"/home/asavajols@DOMNA.TEN/workspace/perso/pixxiden/tests/stores/heroic-config.spec.ts"},{"assertionResults":[{"ancestorTitles":["Library Store","Store Status"],"fullName":"Library Store Store Status should fetch store status for all stores","status":"passed","title":"should fetch store status for all stores","duration":12.30762199999981,"failureMessages":[],"meta":{}},{"ancestorTitles":["Library Store","Store Status"],"fullName":"Library Store Store Status should detect Legendary (Epic) availability","status":"passed","title":"should detect Legendary (Epic) availability","duration":1.8015360000001692,"failureMessages":[],"meta":{}},{"ancestorTitles":["Library Store","Store Status"],"fullName":"Library Store Store Status should detect GOGDL availability","status":"passed","title":"should detect GOGDL availability","duration":1.3500809999995909,"failureMessages":[],"meta":{}},{"ancestorTitles":["Library Store","Store Status"],"fullName":"Library Store Store Status should detect Nile (Amazon) availability","status":"passed","title":"should detect Nile (Amazon) availability","duration":1.2536939999999959,"failureMessages":[],"meta":{}},{"ancestorTitles":["Library Store","Game Loading"],"fullName":"Library Store Game Loading should load games from backend","status":"passed","title":"should load games from backend","duration":2.19447799999989,"failureMessages":[],"meta":{}},{"ancestorTitles":["Library Store","Game Loading"],"fullName":"Library Store Game Loading should filter games by Epic store","status":"passed","title":"should filter games by Epic store","duration":1.682318000000123,"failureMessages":[],"meta":{}},{"ancestorTitles":["Library Store","Game Loading"],"fullName":"Library Store Game Loading should filter games by GOG store","status":"passed","title":"should filter games by GOG store","duration":1.936388000000079,"failureMessages":[],"meta":{}},{"ancestorTitles":["Library Store","Game Loading"],"fullName":"Library Store Game Loading should identify installed games","status":"passed","title":"should identify installed games","duration":2.663789999999608,"failureMessages":[],"meta":{}},{"ancestorTitles":["Library Store","Library Sync"],"fullName":"Library Store Library Sync should sync games from all stores","status":"passed","title":"should sync games from all stores","duration":1.9438199999999597,"failureMessages":[],"meta":{}},{"ancestorTitles":["Library Store","Library Sync"],"fullName":"Library Store Library Sync should report sync errors gracefully","status":"passed","title":"should report sync errors gracefully","duration":2.597080999999889,"failureMessages":[],"meta":{}},{"ancestorTitles":["Library Store","Game Management"],"fullName":"Library Store Game Management should get game details","status":"passed","title":"should get game details","duration":5.263335000000097,"failureMessages":[],"meta":{}},{"ancestorTitles":["Library Store","Game Management"],"fullName":"Library Store Game Management should get game config","status":"passed","title":"should get game config","duration":1.3398580000002767,"failureMessages":[],"meta":{}},{"ancestorTitles":["Library Store","Game Management"],"fullName":"Library Store Game Management should handle non-existent game","status":"passed","title":"should handle non-existent game","duration":4.503603000000112,"failureMessages":[],"meta":{}}],"startTime":1770488548082,"endTime":1770488548126.5037,"status":"passed","message":"","name":"/home/asavajols@DOMNA.TEN/workspace/perso/pixxiden/tests/stores/library.spec.ts"}]}